<?xml version="1.0" encoding="UTF-8"?>
<testsuite name="MainTest" tests="1" skipped="0" failures="0" errors="0" timestamp="2022-10-04T09:27:37" hostname="DESKTOP-DO4D9EP" time="0.102">
  <properties/>
  <testcase name="assertValueTest()" classname="MainTest" time="0.102"/>
  <system-out><![CDATA[]]></system-out>
  <system-err><![CDATA[]]></system-err>
</testsuite>
